2018-01-11 15:59:01.843  INFO 7068 --- [main] com.gobravery.atom.App                   : Starting App on CS-T-Z0002 with PID 7068 (D:\workspace_neon\atom\target\classes started by pc in D:\workspace_neon\atom)
2018-01-11 15:59:01.845  INFO 7068 --- [main] com.gobravery.atom.App                   : No active profile set, falling back to default profiles: default
2018-01-11 15:59:02.048  INFO 7068 --- [main] ationConfigEmbeddedWebApplicationContext : Refreshing org.springframework.boot.context.embedded.AnnotationConfigEmbeddedWebApplicationContext@7a4ccb53: startup date [Thu Jan 11 15:59:02 CST 2018]; root of context hierarchy
2018-01-11 15:59:03.120  INFO 7068 --- [main] trationDelegate$BeanPostProcessorChecker : Bean 'org.springframework.transaction.annotation.ProxyTransactionManagementConfiguration' of type [org.springframework.transaction.annotation.ProxyTransactionManagementConfiguration$$EnhancerBySpringCGLIB$$93531f6b] is not eligible for getting processed by all BeanPostProcessors (for example: not eligible for auto-proxying)
2018-01-11 15:59:03.218  INFO 7068 --- [main] trationDelegate$BeanPostProcessorChecker : Bean 'org.apache.camel.spring.boot.CamelAutoConfiguration' of type [org.apache.camel.spring.boot.CamelAutoConfiguration$$EnhancerBySpringCGLIB$$b57ce58a] is not eligible for getting processed by all BeanPostProcessors (for example: not eligible for auto-proxying)
2018-01-11 15:59:03.606  INFO 7068 --- [main] s.b.c.e.t.TomcatEmbeddedServletContainer : Tomcat initialized with port(s): 8110 (http)
2018-01-11 15:59:03.617  INFO 7068 --- [main] o.apache.catalina.core.StandardService   : Starting service [Tomcat]
2018-01-11 15:59:03.618  INFO 7068 --- [main] org.apache.catalina.core.StandardEngine  : Starting Servlet Engine: Apache Tomcat/8.5.20
2018-01-11 15:59:03.731  INFO 7068 --- [localhost-startStop-1] o.a.c.c.C.[Tomcat].[localhost].[/]       : Initializing Spring embedded WebApplicationContext
2018-01-11 15:59:03.731  INFO 7068 --- [localhost-startStop-1] o.s.web.context.ContextLoader            : Root WebApplicationContext: initialization completed in 1686 ms
2018-01-11 15:59:03.744  INFO 7068 --- [localhost-startStop-1] tConfig$$EnhancerBySpringCGLIB$$af156f8e : axis2.repositorygetResource.path=/D:/workspace_neon/atom/target/classes/com/gobravery/atom/conf/
2018-01-11 15:59:03.744  INFO 7068 --- [localhost-startStop-1] tConfig$$EnhancerBySpringCGLIB$$af156f8e : axis2.repository.path=/D:/workspace_neon/atom/target/classes/axis2
2018-01-11 15:59:03.911  INFO 7068 --- [localhost-startStop-1] o.s.b.w.servlet.FilterRegistrationBean   : Mapping filter: 'characterEncodingFilter' to: [/*]
2018-01-11 15:59:03.912  INFO 7068 --- [localhost-startStop-1] o.s.b.w.servlet.FilterRegistrationBean   : Mapping filter: 'hiddenHttpMethodFilter' to: [/*]
2018-01-11 15:59:03.912  INFO 7068 --- [localhost-startStop-1] o.s.b.w.servlet.FilterRegistrationBean   : Mapping filter: 'httpPutFormContentFilter' to: [/*]
2018-01-11 15:59:03.912  INFO 7068 --- [localhost-startStop-1] o.s.b.w.servlet.FilterRegistrationBean   : Mapping filter: 'requestContextFilter' to: [/*]
2018-01-11 15:59:03.913  INFO 7068 --- [localhost-startStop-1] .s.DelegatingFilterProxyRegistrationBean : Mapping filter: 'springSecurityFilterChain' to: [/*]
2018-01-11 15:59:03.914  INFO 7068 --- [localhost-startStop-1] o.s.b.w.servlet.FilterRegistrationBean   : Mapping filter: 'resourceUrlEncodingFilter' to: [/*]
2018-01-11 15:59:03.914  INFO 7068 --- [localhost-startStop-1] o.s.b.w.servlet.ServletRegistrationBean  : Mapping servlet: 'axisServlet' to [/services/*]
2018-01-11 15:59:03.915  INFO 7068 --- [localhost-startStop-1] o.s.b.w.servlet.ServletRegistrationBean  : Mapping servlet: 'dispatcherServlet' to [/]
2018-01-11 15:59:04.530  INFO 7068 --- [main] com.alibaba.druid.pool.DruidDataSource   : {dataSource-1} inited
2018-01-11 15:59:04.577  INFO 7068 --- [main] j.LocalContainerEntityManagerFactoryBean : Building JPA container EntityManagerFactory for persistence unit 'default'
2018-01-11 15:59:04.589  INFO 7068 --- [main] o.hibernate.jpa.internal.util.LogHelper  : HHH000204: Processing PersistenceUnitInfo [
	name: default
	...]
2018-01-11 15:59:04.645  INFO 7068 --- [main] org.hibernate.Version                    : HHH000412: Hibernate Core {5.0.12.Final}
2018-01-11 15:59:04.646  INFO 7068 --- [main] org.hibernate.cfg.Environment            : HHH000206: hibernate.properties not found
2018-01-11 15:59:04.648  INFO 7068 --- [main] org.hibernate.cfg.Environment            : HHH000021: Bytecode provider name : javassist
2018-01-11 15:59:04.686  INFO 7068 --- [main] o.hibernate.annotations.common.Version   : HCANN000001: Hibernate Commons Annotations {5.0.1.Final}
2018-01-11 15:59:04.791  INFO 7068 --- [main] org.hibernate.dialect.Dialect            : HHH000400: Using dialect: org.hibernate.dialect.MySQL5Dialect
2018-01-11 15:59:05.185  INFO 7068 --- [main] j.LocalContainerEntityManagerFactoryBean : Initialized JPA EntityManagerFactory for persistence unit 'default'
2018-01-11 15:59:05.232  INFO 7068 --- [main] com.gobravery.atom.utils.FileUtils       : 读取：/D:/workspace_neon/atom/target/classes/bank\bank_boc.properties
2018-01-11 15:59:05.623  INFO 7068 --- [main] o.h.h.i.QueryTranslatorFactoryInitiator  : HHH000397: Using ASTQueryTranslatorFactory
2018-01-11 15:59:05.959  INFO 7068 --- [main] s.w.s.m.m.a.RequestMappingHandlerAdapter : Looking for @ControllerAdvice: org.springframework.boot.context.embedded.AnnotationConfigEmbeddedWebApplicationContext@7a4ccb53: startup date [Thu Jan 11 15:59:02 CST 2018]; root of context hierarchy
2018-01-11 15:59:06.028  INFO 7068 --- [main] s.w.s.m.m.a.RequestMappingHandlerMapping : Mapped "{[/]}" onto public java.lang.String com.gobravery.atom.admin.controller.LoginController.main()
2018-01-11 15:59:06.028  INFO 7068 --- [main] s.w.s.m.m.a.RequestMappingHandlerMapping : Mapped "{[/login],methods=[GET]}" onto public java.lang.String com.gobravery.atom.admin.controller.LoginController.login()
2018-01-11 15:59:06.029  INFO 7068 --- [main] s.w.s.m.m.a.RequestMappingHandlerMapping : Mapped "{[/user/add],methods=[POST]}" onto public java.lang.String com.gobravery.atom.admin.controller.UserController.add()
2018-01-11 15:59:06.029  INFO 7068 --- [main] s.w.s.m.m.a.RequestMappingHandlerMapping : Mapped "{[/user/dir],methods=[GET]}" onto public java.lang.String com.gobravery.atom.admin.controller.UserController.dir()
2018-01-11 15:59:06.030  INFO 7068 --- [main] s.w.s.m.m.a.RequestMappingHandlerMapping : Mapped "{[/error]}" onto public org.springframework.http.ResponseEntity<java.util.Map<java.lang.String, java.lang.Object>> org.springframework.boot.autoconfigure.web.BasicErrorController.error(javax.servlet.http.HttpServletRequest)
2018-01-11 15:59:06.031  INFO 7068 --- [main] s.w.s.m.m.a.RequestMappingHandlerMapping : Mapped "{[/error],produces=[text/html]}" onto public org.springframework.web.servlet.ModelAndView org.springframework.boot.autoconfigure.web.BasicErrorController.errorHtml(javax.servlet.http.HttpServletRequest,javax.servlet.http.HttpServletResponse)
2018-01-11 15:59:06.052  INFO 7068 --- [main] o.s.w.s.h.BeanNameUrlHandlerMapping      : Mapped URL path [/sms/hservice] onto handler '/sms/hservice'
2018-01-11 15:59:06.103  INFO 7068 --- [main] o.s.w.s.handler.SimpleUrlHandlerMapping  : Mapped URL path [/webjars/**] onto handler of type [class org.springframework.web.servlet.resource.ResourceHttpRequestHandler]
2018-01-11 15:59:06.103  INFO 7068 --- [main] o.s.w.s.handler.SimpleUrlHandlerMapping  : Mapped URL path [/**] onto handler of type [class org.springframework.web.servlet.resource.ResourceHttpRequestHandler]
2018-01-11 15:59:06.143  INFO 7068 --- [main] o.s.w.s.handler.SimpleUrlHandlerMapping  : Mapped URL path [/**/favicon.ico] onto handler of type [class org.springframework.web.servlet.resource.ResourceHttpRequestHandler]
2018-01-11 15:59:06.841  INFO 7068 --- [main] o.a.c.i.converter.DefaultTypeConverter   : Loaded 190 type converters
2018-01-11 15:59:07.931  INFO 7068 --- [main] o.s.s.web.DefaultSecurityFilterChain     : Creating filter chain: OrRequestMatcher [requestMatchers=[Ant [pattern='/css/**'], Ant [pattern='/js/**'], Ant [pattern='/images/**'], Ant [pattern='/webjars/**'], Ant [pattern='/**/favicon.ico'], Ant [pattern='/error']]], []
2018-01-11 15:59:07.995  INFO 7068 --- [main] o.s.s.web.DefaultSecurityFilterChain     : Creating filter chain: org.springframework.security.web.util.matcher.AnyRequestMatcher@1, [org.springframework.security.web.context.request.async.WebAsyncManagerIntegrationFilter@56017274, org.springframework.security.web.context.SecurityContextPersistenceFilter@560c3758, org.springframework.security.web.header.HeaderWriterFilter@1a22325d, org.springframework.security.web.csrf.CsrfFilter@6334c0d8, org.springframework.security.web.authentication.logout.LogoutFilter@39f7cc46, org.springframework.security.web.authentication.UsernamePasswordAuthenticationFilter@3ca5da54, org.springframework.security.web.savedrequest.RequestCacheAwareFilter@52a605c3, org.springframework.security.web.servletapi.SecurityContextHolderAwareRequestFilter@2a4f1bc5, org.springframework.security.web.authentication.AnonymousAuthenticationFilter@2bf0bb93, org.springframework.security.web.session.SessionManagementFilter@5f69462f, org.springframework.security.web.access.ExceptionTranslationFilter@34525143, org.springframework.security.web.access.intercept.FilterSecurityInterceptor@45a4587d]
2018-01-11 15:59:08.008  INFO 7068 --- [main] o.s.s.web.DefaultSecurityFilterChain     : Creating filter chain: OrRequestMatcher [requestMatchers=[Ant [pattern='/**']]], [org.springframework.security.web.context.request.async.WebAsyncManagerIntegrationFilter@5eadc347, org.springframework.security.web.context.SecurityContextPersistenceFilter@36a8ebca, org.springframework.security.web.header.HeaderWriterFilter@21fa19e4, org.springframework.security.web.authentication.logout.LogoutFilter@6c056020, org.springframework.security.web.authentication.www.BasicAuthenticationFilter@7cc842b0, org.springframework.security.web.savedrequest.RequestCacheAwareFilter@328e687e, org.springframework.security.web.servletapi.SecurityContextHolderAwareRequestFilter@434a72f2, org.springframework.security.web.authentication.AnonymousAuthenticationFilter@28b16193, org.springframework.security.web.session.SessionManagementFilter@33a58fcb, org.springframework.security.web.access.ExceptionTranslationFilter@44181746, org.springframework.security.web.access.intercept.FilterSecurityInterceptor@743b7025]
2018-01-11 15:59:08.139  INFO 7068 --- [main] o.s.j.e.a.AnnotationMBeanExporter        : Registering beans for JMX exposure on startup
2018-01-11 15:59:08.140  INFO 7068 --- [main] o.s.j.e.a.AnnotationMBeanExporter        : Bean with name 'druidDataSource' has been autodetected for JMX exposure
2018-01-11 15:59:08.145  INFO 7068 --- [main] o.s.j.e.a.AnnotationMBeanExporter        : Located MBean 'druidDataSource': registering with JMX server as MBean [com.alibaba.druid.pool:name=druidDataSource,type=DruidDataSource]
2018-01-11 15:59:08.154  INFO 7068 --- [main] s.a.ScheduledAnnotationBeanPostProcessor : No TaskScheduler/ScheduledExecutorService bean found for scheduled processing
2018-01-11 15:59:08.163  INFO 7068 --- [main] o.a.camel.spring.boot.RoutesCollector    : Loading additional Camel XML routes from: classpath:camel/*.xml
2018-01-11 15:59:08.163  INFO 7068 --- [main] o.a.camel.spring.boot.RoutesCollector    : Loading additional Camel XML rests from: classpath:camel-rest/*.xml
2018-01-11 15:59:08.164  INFO 7068 --- [main] o.a.camel.spring.boot.RoutesCollector    : Starting CamelMainRunController to ensure the main thread keeps running
2018-01-11 15:59:08.166  INFO 7068 --- [CamelMainRunController] o.a.camel.spring.SpringCamelContext      : Apache Camel 2.18.0 (CamelContext: camel-1) is starting
2018-01-11 15:59:08.168  INFO 7068 --- [CamelMainRunController] o.a.c.m.ManagedManagementStrategy        : JMX is enabled
2018-01-11 15:59:08.238  INFO 7068 --- [CamelMainRunController] o.a.c.i.DefaultRuntimeEndpointRegistry   : Runtime endpoint registry is in extended mode gathering usage statistics of all incoming and outgoing endpoints (cache limit: 1000)
2018-01-11 15:59:08.239  INFO 7068 --- [CamelMainRunController] o.a.camel.spring.SpringCamelContext      : StreamCaching is not in use. If using streams then its recommended to enable stream caching. See more details at http://camel.apache.org/stream-caching.html
2018-01-11 15:59:08.240  INFO 7068 --- [CamelMainRunController] o.a.camel.spring.SpringCamelContext      : Total 0 routes, of which 0 are started.
2018-01-11 15:59:08.241  INFO 7068 --- [CamelMainRunController] o.a.camel.spring.SpringCamelContext      : Apache Camel 2.18.0 (CamelContext: camel-1) started in 0.074 seconds
2018-01-11 15:59:08.459  INFO 7068 --- [main] o.a.axis2.deployment.ClusterBuilder      : Clustering has been disabled
2018-01-11 15:59:09.132  INFO 7068 --- [main] o.a.axis2.deployment.ModuleDeployer      : Deploying module: addressing-1.7.6 - file:/D:/workspace_neon/atom/target/classes/axis2/modules/addressing-1.7.6.mar
2018-01-11 15:59:09.137  INFO 7068 --- [main] o.a.axis2.deployment.ModuleDeployer      : Deploying module: jaxws-1.7.6 - file:/D:/workspace_neon/atom/target/classes/axis2/modules/axis2-jaxws-mar-1.7.6.mar
2018-01-11 15:59:09.140  INFO 7068 --- [main] o.a.axis2.deployment.ModuleDeployer      : Deploying module: axis2login-1.0 - file:/D:/workspace_neon/atom/target/classes/axis2/modules/axis2login-1.0.mar
2018-01-11 15:59:09.148  INFO 7068 --- [main] o.a.axis2.deployment.ModuleDeployer      : Deploying module: metadataExchange-1.7.6 - file:/D:/workspace_neon/atom/target/classes/axis2/modules/mex-1.7.6.mar
2018-01-11 15:59:09.152  INFO 7068 --- [main] o.a.axis2.deployment.ModuleDeployer      : Deploying module: mtompolicy-1.7.6 - file:/D:/workspace_neon/atom/target/classes/axis2/modules/mtompolicy-1.7.6.mar
2018-01-11 15:59:09.156  INFO 7068 --- [main] o.a.axis2.deployment.ModuleDeployer      : Deploying module: ping-1.7.6 - file:/D:/workspace_neon/atom/target/classes/axis2/modules/ping-1.7.6.mar
2018-01-11 15:59:09.160  INFO 7068 --- [main] o.a.axis2.deployment.ModuleDeployer      : Deploying module: rahas-1.7.1 - file:/D:/workspace_neon/atom/target/classes/axis2/modules/rahas-1.7.1.mar
2018-01-11 15:59:09.166  INFO 7068 --- [main] o.a.axis2.deployment.ModuleDeployer      : Deploying module: rampart-1.7.1 - file:/D:/workspace_neon/atom/target/classes/axis2/modules/rampart-1.7.1.mar
2018-01-11 15:59:09.169  INFO 7068 --- [main] o.a.axis2.deployment.ModuleDeployer      : Deploying module: script-1.7.6 - file:/D:/workspace_neon/atom/target/classes/axis2/modules/scripting-1.7.6.mar
2018-01-11 15:59:09.172  INFO 7068 --- [main] o.a.axis2.deployment.ModuleDeployer      : Deploying module: soapmonitor-1.7.6 - file:/D:/workspace_neon/atom/target/classes/axis2/modules/soapmonitor-1.7.6.mar
2018-01-11 15:59:09.176  INFO 7068 --- [main] o.a.axis2.deployment.ModuleDeployer      : Deploying module: rampart-1.7.1 - file:/D:/dev/maven/.m2/repository/org/apache/rampart/rampart/1.7.1/rampart-1.7.1.jar
2018-01-11 15:59:09.891  INFO 7068 --- [main] o.a.axis2.deployment.DeploymentEngine    : Deploying Web service: bank - file:/D:/workspace_neon/atom/target/classes/axis2/services/bank/
2018-01-11 15:59:09.927  INFO 7068 --- [main] o.a.axis2.deployment.DeploymentEngine    : Deploying Web service: version-1.7.6.aar - file:/D:/workspace_neon/atom/target/classes/axis2/services/version-1.7.6.aar
2018-01-11 15:59:09.934  INFO 7068 --- [main] s.b.c.e.t.TomcatEmbeddedServletContainer : Tomcat started on port(s): 8110 (http)
2018-01-11 15:59:09.939  INFO 7068 --- [main] com.gobravery.atom.App                   : Started App in 8.33 seconds (JVM running for 8.64)
2018-01-11 15:59:09.939  INFO 7068 --- [main] com.gobravery.atom.App                   : debug:false
2018-01-11 15:59:09.939  INFO 7068 --- [main] com.gobravery.atom.App                   : <<<gobravery-atom-startup-ok>>>
